[158月2024 17:13:17.507] [main/INFO] [cpw.mods.modlauncher.Launcher/MODLAUNCHER]: ModLauncher running: args [--launchTarget, forgeclientuserdev, --version, 20.6.117, --assetIndex, asset-index, --assetsDir, C:\Users\liuji\.mcreator\gradle\caches\minecraft\assets\1.20.6, --gameDir, ., --fml.neoForgeVersion, 20.6.117, --fml.fmlVersion, 3.0.45, --fml.mcVersion, 1.20.6, --fml.neoFormVersion, 20240429.153634]
[158月2024 17:13:17.519] [main/INFO] [cpw.mods.modlauncher.Launcher/MODLAUNCHER]: JVM identified as Eclipse Adoptium OpenJDK 64-Bit Server VM 21.0.3+9-LTS
[158月2024 17:13:17.524] [main/INFO] [cpw.mods.modlauncher.Launcher/MODLAUNCHER]: ModLauncher 11.0.2+main.4612c65f starting: java version 21.0.3 by Eclipse Adoptium; OS Windows 10 arch amd64 version 10.0
[158月2024 17:13:17.950] [main/INFO] [net.neoforged.fml.loading.ImmediateWindowHandler/]: Loading ImmediateWindowProvider fmlearlywindow
[158月2024 17:13:18.334] [main/INFO] [EARLYDISPLAY/]: Trying GL version 4.6
[158月2024 17:13:18.450] [main/INFO] [EARLYDISPLAY/]: Requested GL version 4.6 got version 4.6
[158月2024 17:13:18.798] [main/INFO] [mixin/]: SpongePowered MIXIN Subsystem Version=0.8.5 Source=union:/C:/Users/liuji/.mcreator/gradle/caches/modules-2/files-2.1/net.fabricmc/sponge-mixin/0.13.4+mixin.0.8.5/8adf0cff1795a169141b9e16ad7b9f6e2527a990/sponge-mixin-0.13.4+mixin.0.8.5.jar%23136!/ Service=ModLauncher Env=CLIENT
[158月2024 17:13:19.332] [pool-2-thread-1/INFO] [EARLYDISPLAY/]: GL info: Intel(R) HD Graphics 620 GL version 4.6.0 - Build 31.0.101.2127, Intel
[158月2024 17:13:19.518] [main/INFO] [net.neoforged.fml.loading.moddiscovery.ModDiscoverer/SCAN]: Found mod file "neoforge-20.6.117.jar" [locator: neoforge devenv provider ([D:\No_Chinese_Coding\Spawn_egg_recipes\.gradle\repositories\ng_dummy_ng\net\neoforged\neoforge\20.6.117\neoforge-20.6.117.jar])]
[158月2024 17:13:19.559] [main/INFO] [net.neoforged.fml.loading.moddiscovery.ModDiscoverer/SCAN]: Found mod file "neoforge-20.6.117.jar" [locator: neoforge devenv provider ([D:\No_Chinese_Coding\Spawn_egg_recipes\.gradle\repositories\ng_dummy_ng\net\neoforged\neoforge\20.6.117\neoforge-20.6.117.jar])]
[158月2024 17:13:19.587] [main/INFO] [net.neoforged.fml.loading.moddiscovery.ModDiscoverer/SCAN]: Found mod file "main" [locator: userdev mods and services, reader: mod manifest]
[158月2024 17:13:19.618] [main/INFO] [net.neoforged.fml.loading.moddiscovery.ModDiscoverer/SCAN]: Found mod file "neoforge-20.6.117.jar" [locator: userdev mods and services, reader: mod manifest]
[158月2024 17:13:19.748] [main/INFO] [net.neoforged.fml.loading.moddiscovery.ModDiscoverer/SCAN]: Found gamelibrary file "mixinextras-neoforge-0.3.5.jar" [locator: userdev mods and services, reader: mod manifest]
[158月2024 17:13:20.247] [main/WARN] [net.neoforged.jarjar.selection.JarSelector/]: Attempted to select a dependency jar for JarJar which was passed in as source: mixinextras-neoforge-0.3.5.jar. Using Mod File: C:\Users\liuji\.mcreator\gradle\caches\modules-2\files-2.1\io.github.llamalad7\mixinextras-neoforge\0.3.5\ef3ffcf309dae656517b2f120189b1c9b21737dd\mixinextras-neoforge-0.3.5.jar
[158月2024 17:13:20.247] [main/INFO] [net.neoforged.fml.loading.moddiscovery.locators.JarInJarDependencyLocator/]: No dependencies to load found. Skipping!
[158月2024 17:13:20.844] [main/INFO] [net.neoforged.fml.loading.FMLServiceProvider/CORE]: Loading coremod script-engine for [neoforge]
[158月2024 17:13:23.127] [main/INFO] [cpw.mods.modlauncher.LaunchServiceHandler/MODLAUNCHER]: Launching target 'forgeclientuserdev' with arguments [--version, 20.6.117, --gameDir, ., --assetsDir, C:\Users\liuji\.mcreator\gradle\caches\minecraft\assets\1.20.6, --assetIndex, asset-index]
[158月2024 17:13:40.702] [Datafixer Bootstrap/INFO] [com.mojang.datafixers.DataFixerBuilder/]: 225 Datafixer optimizations took 3044 milliseconds
[158月2024 17:13:46.032] [main/WARN] [net.minecraft.commands.Commands/]: Ambiguity between arguments [teleport, location] and [teleport, destination] with inputs: [0.1 -0.5 .9, 0 0 0]
[158月2024 17:13:46.037] [main/WARN] [net.minecraft.commands.Commands/]: Ambiguity between arguments [teleport, location] and [teleport, targets] with inputs: [0.1 -0.5 .9, 0 0 0]
[158月2024 17:13:46.042] [main/WARN] [net.minecraft.commands.Commands/]: Ambiguity between arguments [teleport, destination] and [teleport, targets] with inputs: [Player, 0123, @e, dd12be42-52a9-4a91-a8a1-11c01849e498]
[158月2024 17:13:46.045] [main/WARN] [net.minecraft.commands.Commands/]: Ambiguity between arguments [teleport, targets] and [teleport, destination] with inputs: [Player, 0123, dd12be42-52a9-4a91-a8a1-11c01849e498]
[158月2024 17:13:46.048] [main/WARN] [net.minecraft.commands.Commands/]: Ambiguity between arguments [teleport, targets, location] and [teleport, targets, destination] with inputs: [0.1 -0.5 .9, 0 0 0]
[158月2024 17:13:46.472] [Render thread/WARN] [net.minecraft.server.packs.VanillaPackResourcesBuilder/]: Assets URL 'union:/D:/No_Chinese_Coding/Spawn_egg_recipes/.gradle/repositories/ng_dummy_ng/net/neoforged/neoforge/20.6.117/neoforge-20.6.117.jar%23192!/assets/.mcassetsroot' uses unexpected schema
[158月2024 17:13:46.472] [Render thread/WARN] [net.minecraft.server.packs.VanillaPackResourcesBuilder/]: Assets URL 'union:/D:/No_Chinese_Coding/Spawn_egg_recipes/.gradle/repositories/ng_dummy_ng/net/neoforged/neoforge/20.6.117/neoforge-20.6.117.jar%23192!/data/.mcassetsroot' uses unexpected schema
[158月2024 17:13:46.554] [Render thread/INFO] [com.mojang.authlib.yggdrasil.YggdrasilAuthenticationService/]: Environment: Environment[sessionHost=https://sessionserver.mojang.com, servicesHost=https://api.minecraftservices.com, name=PROD]
[158月2024 17:13:46.599] [Render thread/INFO] [net.minecraft.client.Minecraft/]: Setting user: Dev
[158月2024 17:13:46.853] [Render thread/INFO] [net.minecraft.client.Minecraft/]: Backend library: LWJGL version 3.3.3+5
[158月2024 17:13:47.665] [modloading-worker-0/INFO] [net.neoforged.neoforge.common.NeoForgeMod/NEOFORGE-MOD]: NeoForge mod loading, version 20.6.117, for MC 1.20.6
[158月2024 17:13:49.758] [Render thread/INFO] [net.neoforged.neoforge.gametest.GameTestHooks/]: Enabled Gametest Namespaces: []
[158月2024 17:13:50.598] [Render thread/INFO] [net.minecraft.server.packs.resources.ReloadableResourceManager/]: Reloading ResourceManager: vanilla, mod_resources, mod/neoforge, mod/spawn_egg_recipes
[158月2024 17:13:50.910] [Worker-Main-1/INFO] [net.minecraft.client.gui.font.providers.UnihexProvider/]: Found unifont_all_no_pua-15.1.04.hex, loading
[158月2024 17:13:52.186] [Worker-Main-1/INFO] [net.minecraft.client.gui.font.providers.UnihexProvider/]: Found unifont_jp_patch-15.1.04.hex, loading
[158月2024 17:13:52.786] [Worker-Main-2/ERROR] [net.minecraft.client.renderer.texture.atlas.SpriteResourceLoader/]: Using missing texture, unable to load spawn_egg_recipes:minecraft-creeper-face_1
java.io.IOException: Bad PNG Signature
	at TRANSFORMER/minecraft@1.20.6/net.minecraft.util.PngInfo.validateHeader(PngInfo.java:38) ~[neoforge-20.6.117.jar%23192!/:?]
	at TRANSFORMER/minecraft@1.20.6/com.mojang.blaze3d.platform.NativeImage.read(NativeImage.java:142) ~[neoforge-20.6.117.jar%23192!/:?]
	at TRANSFORMER/minecraft@1.20.6/com.mojang.blaze3d.platform.NativeImage.read(NativeImage.java:111) ~[neoforge-20.6.117.jar%23192!/:?]
	at TRANSFORMER/minecraft@1.20.6/com.mojang.blaze3d.platform.NativeImage.read(NativeImage.java:101) ~[neoforge-20.6.117.jar%23192!/:?]
	at TRANSFORMER/minecraft@1.20.6/net.minecraft.client.renderer.texture.atlas.SpriteResourceLoader.lambda$create$0(SpriteResourceLoader.java:38) ~[neoforge-20.6.117.jar%23192!/:?]
	at TRANSFORMER/minecraft@1.20.6/net.minecraft.client.renderer.texture.atlas.SpriteResourceLoader.loadSprite(SpriteResourceLoader.java:66) ~[neoforge-20.6.117.jar%23192!/:?]
	at TRANSFORMER/minecraft@1.20.6/net.minecraft.client.renderer.texture.atlas.SpriteSource$Output.lambda$add$0(SpriteSource.java:24) ~[neoforge-20.6.117.jar%23192!/:?]
	at TRANSFORMER/minecraft@1.20.6/net.minecraft.client.renderer.texture.SpriteLoader.lambda$runSpriteSuppliers$3(SpriteLoader.java:118) ~[neoforge-20.6.117.jar%23192!/:?]
	at java.base/java.util.concurrent.CompletableFuture$AsyncSupply.run(CompletableFuture.java:1768) [?:?]
	at java.base/java.util.concurrent.CompletableFuture$AsyncSupply.exec(CompletableFuture.java:1760) [?:?]
	at java.base/java.util.concurrent.ForkJoinTask.doExec(ForkJoinTask.java:387) [?:?]
	at java.base/java.util.concurrent.ForkJoinPool$WorkQueue.topLevelExec(ForkJoinPool.java:1312) [?:?]
	at java.base/java.util.concurrent.ForkJoinPool.scan(ForkJoinPool.java:1843) [?:?]
	at java.base/java.util.concurrent.ForkJoinPool.runWorker(ForkJoinPool.java:1808) [?:?]
	at java.base/java.util.concurrent.ForkJoinWorkerThread.run(ForkJoinWorkerThread.java:188) [?:?]
[158月2024 17:13:52.792] [Worker-Main-2/ERROR] [net.minecraft.client.renderer.texture.atlas.SpriteResourceLoader/]: Using missing texture, unable to load spawn_egg_recipes:inapproachable
java.io.IOException: Bad PNG Signature
	at TRANSFORMER/minecraft@1.20.6/net.minecraft.util.PngInfo.validateHeader(PngInfo.java:38) ~[neoforge-20.6.117.jar%23192!/:?]
	at TRANSFORMER/minecraft@1.20.6/com.mojang.blaze3d.platform.NativeImage.read(NativeImage.java:142) ~[neoforge-20.6.117.jar%23192!/:?]
	at TRANSFORMER/minecraft@1.20.6/com.mojang.blaze3d.platform.NativeImage.read(NativeImage.java:111) ~[neoforge-20.6.117.jar%23192!/:?]
	at TRANSFORMER/minecraft@1.20.6/com.mojang.blaze3d.platform.NativeImage.read(NativeImage.java:101) ~[neoforge-20.6.117.jar%23192!/:?]
	at TRANSFORMER/minecraft@1.20.6/net.minecraft.client.renderer.texture.atlas.SpriteResourceLoader.lambda$create$0(SpriteResourceLoader.java:38) ~[neoforge-20.6.117.jar%23192!/:?]
	at TRANSFORMER/minecraft@1.20.6/net.minecraft.client.renderer.texture.atlas.SpriteResourceLoader.loadSprite(SpriteResourceLoader.java:66) ~[neoforge-20.6.117.jar%23192!/:?]
	at TRANSFORMER/minecraft@1.20.6/net.minecraft.client.renderer.texture.atlas.SpriteSource$Output.lambda$add$0(SpriteSource.java:24) ~[neoforge-20.6.117.jar%23192!/:?]
	at TRANSFORMER/minecraft@1.20.6/net.minecraft.client.renderer.texture.SpriteLoader.lambda$runSpriteSuppliers$3(SpriteLoader.java:118) ~[neoforge-20.6.117.jar%23192!/:?]
	at java.base/java.util.concurrent.CompletableFuture$AsyncSupply.run(CompletableFuture.java:1768) [?:?]
	at java.base/java.util.concurrent.CompletableFuture$AsyncSupply.exec(CompletableFuture.java:1760) [?:?]
	at java.base/java.util.concurrent.ForkJoinTask.doExec(ForkJoinTask.java:387) [?:?]
	at java.base/java.util.concurrent.ForkJoinPool$WorkQueue.topLevelExec(ForkJoinPool.java:1312) [?:?]
	at java.base/java.util.concurrent.ForkJoinPool.scan(ForkJoinPool.java:1843) [?:?]
	at java.base/java.util.concurrent.ForkJoinPool.runWorker(ForkJoinPool.java:1808) [?:?]
	at java.base/java.util.concurrent.ForkJoinWorkerThread.run(ForkJoinWorkerThread.java:188) [?:?]
[158月2024 17:13:55.823] [Render thread/WARN] [net.minecraft.client.sounds.SoundEngine/]: Missing sound for event: minecraft:item.goat_horn.play
[158月2024 17:13:55.824] [Render thread/WARN] [net.minecraft.client.sounds.SoundEngine/]: Missing sound for event: minecraft:entity.goat.screaming.horn_break
[158月2024 17:13:56.360] [Render thread/INFO] [com.mojang.blaze3d.audio.Library/]: OpenAL initialized on device OpenAL Soft on 扬声器/听筒 (Realtek Audio)
[158月2024 17:13:56.361] [Render thread/INFO] [net.minecraft.client.sounds.SoundEngine/SOUNDS]: Sound engine started
[158月2024 17:13:56.668] [Render thread/INFO] [net.minecraft.client.renderer.texture.TextureAtlas/]: Created: 1024x512x2 minecraft:textures/atlas/blocks.png-atlas
[158月2024 17:13:56.860] [Render thread/INFO] [net.minecraft.client.renderer.texture.TextureAtlas/]: Created: 256x256x2 minecraft:textures/atlas/signs.png-atlas
[158月2024 17:13:56.864] [Render thread/INFO] [net.minecraft.client.renderer.texture.TextureAtlas/]: Created: 512x512x2 minecraft:textures/atlas/banner_patterns.png-atlas
[158月2024 17:13:56.870] [Render thread/INFO] [net.minecraft.client.renderer.texture.TextureAtlas/]: Created: 512x512x2 minecraft:textures/atlas/shield_patterns.png-atlas
[158月2024 17:13:56.877] [Render thread/INFO] [net.minecraft.client.renderer.texture.TextureAtlas/]: Created: 1024x1024x2 minecraft:textures/atlas/armor_trims.png-atlas
[158月2024 17:13:56.935] [Render thread/INFO] [net.minecraft.client.renderer.texture.TextureAtlas/]: Created: 256x256x2 minecraft:textures/atlas/chest.png-atlas
[158月2024 17:13:56.939] [Render thread/INFO] [net.minecraft.client.renderer.texture.TextureAtlas/]: Created: 128x64x2 minecraft:textures/atlas/decorated_pot.png-atlas
[158月2024 17:13:56.944] [Render thread/INFO] [net.minecraft.client.renderer.texture.TextureAtlas/]: Created: 512x256x2 minecraft:textures/atlas/beds.png-atlas
[158月2024 17:13:56.947] [Render thread/INFO] [net.minecraft.client.renderer.texture.TextureAtlas/]: Created: 512x256x2 minecraft:textures/atlas/shulker_boxes.png-atlas
[158月2024 17:13:57.186] [Render thread/INFO] [net.minecraft.client.renderer.texture.TextureAtlas/]: Created: 512x256x0 minecraft:textures/atlas/particles.png-atlas
[158月2024 17:13:57.226] [Render thread/INFO] [net.minecraft.client.renderer.texture.TextureAtlas/]: Created: 256x256x0 minecraft:textures/atlas/paintings.png-atlas
[158月2024 17:13:57.231] [Render thread/INFO] [net.minecraft.client.renderer.texture.TextureAtlas/]: Created: 256x128x0 minecraft:textures/atlas/mob_effects.png-atlas
[158月2024 17:13:57.236] [Render thread/INFO] [net.minecraft.client.renderer.texture.TextureAtlas/]: Created: 64x64x0 minecraft:textures/atlas/map_decorations.png-atlas
[158月2024 17:13:57.242] [Render thread/INFO] [net.minecraft.client.renderer.texture.TextureAtlas/]: Created: 1024x512x0 minecraft:textures/atlas/gui.png-atlas
[158月2024 17:13:58.038] [Render thread/WARN] [net.minecraft.client.renderer.ShaderInstance/]: Shader rendertype_entity_translucent_emissive could not find sampler named Sampler2 in the specified shader program.
[158月2024 17:14:52.407] [Render thread/INFO] [net.minecraft.world.item.crafting.RecipeManager/]: Loaded 1199 recipes
[158月2024 17:14:52.409] [Render thread/ERROR] [net.minecraft.server.ServerFunctionLibrary/]: Failed to load function spawn_egg_recipes:inapproachable_f
java.util.concurrent.CompletionException: java.lang.IllegalArgumentException: Unknown or invalid command '/give @p diamond_sword{Enchantments:[{id:"minecraft:unbreaking",lvl:32767},{id:"minecraft:sharpness",lvl:32767},{id:"minecraft:fire_aspect",lvl:32767},{id:"minecraft:mending",lvl:32767}]}' on line 1 (did you mean 'give'? Do not use a preceding forwards slash.)
	at java.base/java.util.concurrent.CompletableFuture.encodeThrowable(CompletableFuture.java:315) ~[?:?]
	at java.base/java.util.concurrent.CompletableFuture.completeThrowable(CompletableFuture.java:320) ~[?:?]
	at java.base/java.util.concurrent.CompletableFuture$AsyncSupply.run(CompletableFuture.java:1770) ~[?:?]
	at java.base/java.util.concurrent.CompletableFuture$AsyncSupply.exec(CompletableFuture.java:1760) ~[?:?]
	at java.base/java.util.concurrent.ForkJoinTask.doExec(ForkJoinTask.java:387) ~[?:?]
	at java.base/java.util.concurrent.ForkJoinPool$WorkQueue.topLevelExec(ForkJoinPool.java:1312) ~[?:?]
	at java.base/java.util.concurrent.ForkJoinPool.scan(ForkJoinPool.java:1843) ~[?:?]
	at java.base/java.util.concurrent.ForkJoinPool.runWorker(ForkJoinPool.java:1808) ~[?:?]
	at java.base/java.util.concurrent.ForkJoinWorkerThread.run(ForkJoinWorkerThread.java:188) ~[?:?]
Caused by: java.lang.IllegalArgumentException: Unknown or invalid command '/give @p diamond_sword{Enchantments:[{id:"minecraft:unbreaking",lvl:32767},{id:"minecraft:sharpness",lvl:32767},{id:"minecraft:fire_aspect",lvl:32767},{id:"minecraft:mending",lvl:32767}]}' on line 1 (did you mean 'give'? Do not use a preceding forwards slash.)
	at TRANSFORMER/minecraft@1.20.6/net.minecraft.commands.functions.CommandFunction.fromLines(CommandFunction.java:69) ~[neoforge-20.6.117.jar%23192!/:?]
	at TRANSFORMER/minecraft@1.20.6/net.minecraft.server.ServerFunctionLibrary.lambda$reload$2(ServerFunctionLibrary.java:91) ~[neoforge-20.6.117.jar%23192!/:?]
	at java.base/java.util.concurrent.CompletableFuture$AsyncSupply.run(CompletableFuture.java:1768) ~[?:?]
	... 6 more
[158月2024 17:14:52.919] [Render thread/INFO] [net.minecraft.advancements.AdvancementTree/]: Loaded 1276 advancements
[158月2024 17:14:54.935] [Server thread/INFO] [net.minecraft.client.server.IntegratedServer/]: Starting integrated minecraft server version 1.20.6
[158月2024 17:14:54.936] [Server thread/INFO] [net.minecraft.server.MinecraftServer/]: Generating keypair
[158月2024 17:14:55.841] [Server thread/INFO] [net.minecraft.server.MinecraftServer/]: Preparing start region for dimension minecraft:overworld
[158月2024 17:14:56.537] [progressListener/INFO] [net.minecraft.server.level.progress.LoggerChunkProgressListener/]: 准备生成区域中：0%
[158月2024 17:14:56.538] [progressListener/INFO] [net.minecraft.server.level.progress.LoggerChunkProgressListener/]: 准备生成区域中：0%
[158月2024 17:14:57.047] [progressListener/INFO] [net.minecraft.server.level.progress.LoggerChunkProgressListener/]: 准备生成区域中：0%
[158月2024 17:14:57.616] [progressListener/INFO] [net.minecraft.server.level.progress.LoggerChunkProgressListener/]: 准备生成区域中：0%
[158月2024 17:14:57.964] [progressListener/INFO] [net.minecraft.server.level.progress.LoggerChunkProgressListener/]: 准备生成区域中：0%
[158月2024 17:14:58.513] [progressListener/INFO] [net.minecraft.server.level.progress.LoggerChunkProgressListener/]: 准备生成区域中：0%
[158月2024 17:14:59.253] [Server thread/INFO] [net.neoforged.neoforge.server.permission.PermissionAPI/]: Successfully initialized permission handler neoforge:default_handler
[158月2024 17:14:59.314] [progressListener/INFO] [net.minecraft.server.level.progress.LoggerChunkProgressListener/]: Time elapsed: 3469 ms
[158月2024 17:14:59.557] [Server thread/INFO] [net.minecraft.client.server.IntegratedServer/]: Changing view distance to 5, from 10
[158月2024 17:14:59.557] [Server thread/INFO] [net.minecraft.client.server.IntegratedServer/]: Changing simulation distance to 12, from 0
[158月2024 17:15:02.245] [Server thread/INFO] [net.minecraft.server.players.PlayerList/]: Dev[local:E:cb28cb37] logged in with entity id 38 at (4.5, -63.0, 0.5)
[158月2024 17:15:02.405] [Server thread/INFO] [net.minecraft.server.MinecraftServer/]: Dev加入了游戏
[158月2024 17:15:03.607] [Render thread/INFO] [net.minecraft.advancements.AdvancementTree/]: Loaded 171 advancements
[158月2024 17:15:14.002] [Server thread/INFO] [net.minecraft.server.MinecraftServer/]: [Dev: 已将自己的游戏模式设置为创造模式]
[158月2024 17:15:14.013] [Render thread/INFO] [net.minecraft.client.gui.components.ChatComponent/]: [System] [CHAT] 已将自己的游戏模式设置为创造模式
[158月2024 17:15:45.942] [Server thread/INFO] [net.minecraft.server.MinecraftServer/]: [Dev: 已将时间设为0]
[158月2024 17:15:45.946] [Render thread/INFO] [net.minecraft.client.gui.components.ChatComponent/]: [System] [CHAT] 已将时间设为0
[158月2024 17:15:58.966] [Server thread/INFO] [net.minecraft.server.MinecraftServer/]: [Dev: 已将自己的游戏模式设置为生存模式]
[158月2024 17:15:59.025] [Render thread/INFO] [net.minecraft.client.gui.components.ChatComponent/]: [System] [CHAT] 已将自己的游戏模式设置为生存模式
[158月2024 17:16:07.420] [Server thread/INFO] [net.minecraft.server.MinecraftServer/]: Dev被铁傀儡杀死了
[158月2024 17:16:07.507] [Render thread/INFO] [net.minecraft.client.gui.components.ChatComponent/]: [System] [CHAT] Dev被铁傀儡杀死了
[158月2024 17:16:20.118] [Server thread/INFO] [net.minecraft.server.MinecraftServer/]: [Dev: 已将自己的游戏模式设置为创造模式]
[158月2024 17:16:20.153] [Render thread/INFO] [net.minecraft.client.gui.components.ChatComponent/]: [System] [CHAT] 已将自己的游戏模式设置为创造模式
[158月2024 17:16:27.217] [Server thread/INFO] [net.minecraft.client.server.IntegratedServer/]: Saving and pausing game...
[158月2024 17:16:27.255] [Server thread/INFO] [net.minecraft.server.MinecraftServer/]: Saving chunks for level 'ServerLevel[新的世界]'/minecraft:overworld
[158月2024 17:16:27.282] [Server thread/INFO] [net.minecraft.server.MinecraftServer/]: Saving chunks for level 'ServerLevel[新的世界]'/minecraft:the_nether
[158月2024 17:16:27.291] [Server thread/INFO] [net.minecraft.server.MinecraftServer/]: Saving chunks for level 'ServerLevel[新的世界]'/minecraft:the_end
